TN:
SF:01-requestcount.js
FNF:0
FNH:0
DA:1,1
DA:2,1
DA:3,1
DA:4,1
DA:5,1
DA:6,1
DA:7,1
DA:8,1
DA:9,1
DA:10,1
DA:11,1
DA:12,1
DA:13,1
DA:14,1
DA:15,1
DA:16,1
DA:17,1
DA:18,0
DA:19,1
DA:20,1
DA:21,1
DA:22,0
DA:23,1
DA:24,1
DA:25,1
DA:26,1
DA:27,1
DA:28,1
DA:29,1
LF:29
LH:27
BRDA:8,0,0,1
BRDA:25,1,0,1
BRF:2
BRH:2
end_of_record
TN:
SF:02-ratelimitter.js
FNF:0
FNH:0
DA:1,1
DA:2,1
DA:3,1
DA:4,1
DA:5,1
DA:6,1
DA:7,1
DA:8,1
DA:9,1
DA:10,1
DA:11,1
DA:12,1
DA:13,1
DA:14,1
DA:15,1
DA:16,1
DA:17,1
DA:18,13
DA:19,13
DA:20,13
DA:21,7
DA:22,7
DA:23,6
DA:24,13
DA:25,4
DA:26,13
DA:27,2
DA:28,2
DA:29,6
DA:30,6
DA:31,1
DA:32,1
DA:33,1
DA:34,2
DA:35,1
DA:36,1
DA:37,1
DA:38,6
DA:39,1
DA:40,1
DA:41,1
DA:42,0
DA:43,1
DA:44,1
DA:45,1
LF:45
LH:44
BRDA:17,0,0,13
BRDA:20,1,0,7
BRDA:22,2,0,6
BRDA:24,3,0,4
BRDA:26,4,0,2
BRDA:28,5,0,6
BRDA:33,6,0,2
BRDA:37,7,0,6
BRF:8
BRH:8
end_of_record
TN:
SF:03-errorcount.js
FNF:0
FNH:0
DA:1,1
DA:2,1
DA:3,1
DA:4,1
DA:5,1
DA:6,1
DA:7,1
DA:8,1
DA:9,1
DA:10,1
DA:11,1
DA:12,1
DA:13,1
DA:14,1
DA:15,1
DA:16,11
DA:17,11
DA:18,0
DA:19,0
DA:20,11
DA:21,11
DA:22,11
DA:23,1
DA:24,1
DA:25,1
DA:26,0
DA:27,1
DA:28,1
DA:29,1
DA:30,2
DA:31,1
DA:32,1
DA:33,1
DA:34,11
DA:35,11
DA:36,11
DA:37,11
DA:38,1
DA:39,1
DA:40,1
DA:41,1
LF:41
LH:38
BRDA:15,0,0,11
BRDA:17,1,0,0
BRDA:29,2,0,2
BRDA:33,3,0,11
BRF:4
BRH:3
end_of_record
